<?xml version="1.0" encoding="UTF-8"?>
<testng-results ignored="0" total="3" passed="3" failed="0" skipped="0">
  <reporter-output>
  </reporter-output>
  <suite started-at="2024-02-08T11:05:52 IST" name="Default suite" finished-at="2024-02-08T11:06:35 IST" duration-ms="43239">
    <groups>
    </groups>
    <test started-at="2024-02-08T11:05:52 IST" name="Default test" finished-at="2024-02-08T11:06:35 IST" duration-ms="43239">
      <class name="com.eduwis.testcases.TS_001_TC_AT_SA_0001">
        <test-method is-config="true" signature="start()[pri:0, instance:com.eduwis.testcases.TS_001_TC_AT_SA_0001@7161d8d1]" started-at="2024-02-08T11:05:52 IST" name="start" finished-at="2024-02-08T11:05:59 IST" duration-ms="6604" status="PASS">
          <reporter-output>
          </reporter-output>
        </test-method> <!-- start -->
        <test-method is-config="true" signature="Object_References()[pri:0, instance:com.eduwis.testcases.TS_001_TC_AT_SA_0001@7161d8d1]" started-at="2024-02-08T11:05:59 IST" name="Object_References" finished-at="2024-02-08T11:05:59 IST" depends-on-methods="com.eduwis.base.Base_class.start" duration-ms="64" status="PASS">
          <reporter-output>
          </reporter-output>
        </test-method> <!-- Object_References -->
        <test-method signature="ClassDropdownValidation()[pri:0, instance:com.eduwis.testcases.TS_001_TC_AT_SA_0001@7161d8d1]" started-at="2024-02-08T11:05:59 IST" name="ClassDropdownValidation" finished-at="2024-02-08T11:06:12 IST" duration-ms="13324" status="PASS">
          <reporter-output>
          </reporter-output>
        </test-method> <!-- ClassDropdownValidation -->
        <test-method is-config="true" signature="afterMethod(org.testng.ITestResult)[pri:0, instance:com.eduwis.testcases.TS_001_TC_AT_SA_0001@7161d8d1]" started-at="2024-02-08T11:06:12 IST" name="afterMethod" finished-at="2024-02-08T11:06:12 IST" duration-ms="4" status="PASS">
          <params>
            <param index="0">
              <value>
                <![CDATA[[TestResult name=ClassDropdownValidation status=SUCCESS method=TS_001_TC_AT_SA_0001.ClassDropdownValidation()[pri:0, instance:com.eduwis.testcases.TS_001_TC_AT_SA_0001@7161d8d1] output={null}]]]>
              </value>
            </param>
          </params>
          <reporter-output>
          </reporter-output>
        </test-method> <!-- afterMethod -->
        <test-method signature="SectionDropdownValidation()[pri:0, instance:com.eduwis.testcases.TS_001_TC_AT_SA_0001@7161d8d1]" started-at="2024-02-08T11:06:12 IST" name="SectionDropdownValidation" finished-at="2024-02-08T11:06:18 IST" depends-on-methods="com.eduwis.testcases.TS_001_TC_AT_SA_0001.ClassDropdownValidation" duration-ms="5587" status="PASS">
          <reporter-output>
          </reporter-output>
        </test-method> <!-- SectionDropdownValidation -->
        <test-method is-config="true" signature="afterMethod(org.testng.ITestResult)[pri:0, instance:com.eduwis.testcases.TS_001_TC_AT_SA_0001@7161d8d1]" started-at="2024-02-08T11:06:18 IST" name="afterMethod" finished-at="2024-02-08T11:06:18 IST" duration-ms="0" status="PASS">
          <params>
            <param index="0">
              <value>
                <![CDATA[[TestResult name=SectionDropdownValidation status=SUCCESS method=TS_001_TC_AT_SA_0001.SectionDropdownValidation()[pri:0, instance:com.eduwis.testcases.TS_001_TC_AT_SA_0001@7161d8d1] output={null}]]]>
              </value>
            </param>
          </params>
          <reporter-output>
          </reporter-output>
        </test-method> <!-- afterMethod -->
        <test-method signature="StudentAttendance_Searching()[pri:0, instance:com.eduwis.testcases.TS_001_TC_AT_SA_0001@7161d8d1]" started-at="2024-02-08T11:06:18 IST" name="StudentAttendance_Searching" finished-at="2024-02-08T11:06:35 IST" depends-on-methods="com.eduwis.testcases.TS_001_TC_AT_SA_0001.SectionDropdownValidation" duration-ms="17461" status="PASS">
          <reporter-output>
          </reporter-output>
        </test-method> <!-- StudentAttendance_Searching -->
        <test-method is-config="true" signature="close()[pri:0, instance:com.eduwis.testcases.TS_001_TC_AT_SA_0001@7161d8d1]" started-at="2024-02-08T11:06:35 IST" name="close" finished-at="2024-02-08T11:06:35 IST" duration-ms="132" status="PASS">
          <reporter-output>
          </reporter-output>
        </test-method> <!-- close -->
        <test-method is-config="true" signature="afterMethod(org.testng.ITestResult)[pri:0, instance:com.eduwis.testcases.TS_001_TC_AT_SA_0001@7161d8d1]" started-at="2024-02-08T11:06:35 IST" name="afterMethod" finished-at="2024-02-08T11:06:35 IST" duration-ms="0" status="PASS">
          <params>
            <param index="0">
              <value>
                <![CDATA[[TestResult name=StudentAttendance_Searching status=SUCCESS method=TS_001_TC_AT_SA_0001.StudentAttendance_Searching()[pri:0, instance:com.eduwis.testcases.TS_001_TC_AT_SA_0001@7161d8d1] output={null}]]]>
              </value>
            </param>
          </params>
          <reporter-output>
          </reporter-output>
        </test-method> <!-- afterMethod -->
      </class> <!-- com.eduwis.testcases.TS_001_TC_AT_SA_0001 -->
    </test> <!-- Default test -->
  </suite> <!-- Default suite -->
</testng-results>
