<?xml version="1.0" encoding="UTF-8"?>
<!-- Generated by org.testng.reporters.JUnitXMLReporter -->
<testsuite ignored="0" hostname="LAPTOP-FF1D2J10" failures="0" tests="3" name="Default test" time="43.239" errors="0" timestamp="2024-02-08T11:06:35 IST">
  <testcase classname="com.eduwis.testcases.TS_001_TC_AT_SA_0001" name="ClassDropdownValidation" time="13.324"/>
  <testcase classname="com.eduwis.testcases.TS_001_TC_AT_SA_0001" name="SectionDropdownValidation" time="5.587"/>
  <testcase classname="com.eduwis.testcases.TS_001_TC_AT_SA_0001" name="StudentAttendance_Searching" time="17.461"/>
</testsuite> <!-- Default test -->
